2025-02-01 12:31:42,531 INFO o.a.j.u.JMeterUtils: Setting Locale to en_EN
2025-02-01 12:31:42,624 INFO o.a.j.JMeter: Loading user properties from: C:\Program Files\apache-jmeter-5.6.3\bin\user.properties
2025-02-01 12:31:42,628 INFO o.a.j.JMeter: Loading system properties from: C:\Program Files\apache-jmeter-5.6.3\bin\system.properties
2025-02-01 12:31:42,670 INFO o.a.j.JMeter: Copyright (c) 1998-2024 The Apache Software Foundation
2025-02-01 12:31:42,671 INFO o.a.j.JMeter: Version 5.6.3
2025-02-01 12:31:42,671 INFO o.a.j.JMeter: java.version=23.0.2
2025-02-01 12:31:42,672 INFO o.a.j.JMeter: java.vm.name=Java HotSpot(TM) 64-Bit Server VM
2025-02-01 12:31:42,672 INFO o.a.j.JMeter: os.name=Windows 11
2025-02-01 12:31:42,672 INFO o.a.j.JMeter: os.arch=amd64
2025-02-01 12:31:42,672 INFO o.a.j.JMeter: os.version=10.0
2025-02-01 12:31:42,672 INFO o.a.j.JMeter: file.encoding=UTF-8
2025-02-01 12:31:42,673 INFO o.a.j.JMeter: java.awt.headless=true
2025-02-01 12:31:42,673 INFO o.a.j.JMeter: Max memory     =1073741824
2025-02-01 12:31:42,673 INFO o.a.j.JMeter: Available Processors =4
2025-02-01 12:31:42,738 INFO o.a.j.JMeter: Default Locale=English (EN)
2025-02-01 12:31:42,739 INFO o.a.j.JMeter: JMeter  Locale=English (EN)
2025-02-01 12:31:42,741 INFO o.a.j.JMeter: JMeterHome=C:\Program Files\apache-jmeter-5.6.3
2025-02-01 12:31:42,741 INFO o.a.j.JMeter: user.dir  =C:\Users\Смарт Техника\Viktoriia-jmeter-Test
2025-02-01 12:31:42,743 INFO o.a.j.JMeter: PWD       =C:\Users\Смарт Техника\Viktoriia-jmeter-Test
2025-02-01 12:31:42,753 INFO o.a.j.JMeter: IP: 192.168.0.105 Name: WIN-N6I3VQRLDH4 FullName: WIN-N6I3VQRLDH4
2025-02-01 12:31:42,817 ERROR o.a.j.JMeter: An error occurred: 
java.lang.IllegalArgumentException: Cannot write to 'C:\Users\Смарт Техника\Viktoriia-jmeter-Test\report-summary' as folder is not empty
	at org.apache.jorphan.util.JOrphanUtils.canSafelyWriteToFolder(JOrphanUtils.java:664) ~[jorphan.jar:5.6.3]
	at org.apache.jorphan.util.JOrphanUtils.canSafelyWriteToFolder(JOrphanUtils.java:620) ~[jorphan.jar:5.6.3]
	at org.apache.jmeter.JMeter.extractAndSetReportOutputFolder(JMeter.java:542) ~[ApacheJMeter_core.jar:5.6.3]
	at org.apache.jmeter.JMeter.start(JMeter.java:492) [ApacheJMeter_core.jar:5.6.3]
	at java.base/jdk.internal.reflect.DirectMethodHandleAccessor.invoke(DirectMethodHandleAccessor.java:103) ~[?:?]
	at java.base/java.lang.reflect.Method.invoke(Method.java:580) ~[?:?]
	at org.apache.jmeter.NewDriver.main(NewDriver.java:259) [ApacheJMeter.jar:5.6.3]
